{"total": {"lines":{"total":143,"covered":116,"skipped":0,"pct":81.11},"statements":{"total":157,"covered":130,"skipped":0,"pct":82.8},"functions":{"total":52,"covered":52,"skipped":0,"pct":100},"branches":{"total":36,"covered":20,"skipped":0,"pct":55.55},"branchesTrue":{"total":0,"covered":0,"skipped":0,"pct":100}}
,"/Users/mac/Projects/packages/cache/src/cache.manager.ts": {"lines":{"total":23,"covered":18,"skipped":0,"pct":78.26},"functions":{"total":6,"covered":6,"skipped":0,"pct":100},"statements":{"total":27,"covered":22,"skipped":0,"pct":81.48},"branches":{"total":10,"covered":9,"skipped":0,"pct":90}}
,"/Users/mac/Projects/packages/cache/src/factories.ts": {"lines":{"total":5,"covered":5,"skipped":0,"pct":100},"functions":{"total":2,"covered":2,"skipped":0,"pct":100},"statements":{"total":6,"covered":6,"skipped":0,"pct":100},"branches":{"total":0,"covered":0,"skipped":0,"pct":100}}
,"/Users/mac/Projects/packages/cache/src/index.ts": {"lines":{"total":2,"covered":2,"skipped":0,"pct":100},"functions":{"total":0,"covered":0,"skipped":0,"pct":100},"statements":{"total":2,"covered":2,"skipped":0,"pct":100},"branches":{"total":0,"covered":0,"skipped":0,"pct":100}}
,"/Users/mac/Projects/packages/cache/src/interfaces.ts": {"lines":{"total":4,"covered":4,"skipped":0,"pct":100},"functions":{"total":1,"covered":1,"skipped":0,"pct":100},"statements":{"total":4,"covered":4,"skipped":0,"pct":100},"branches":{"total":2,"covered":2,"skipped":0,"pct":100}}
,"/Users/mac/Projects/packages/cache/src/engines/dynamodb.engine.ts": {"lines":{"total":32,"covered":26,"skipped":0,"pct":81.25},"functions":{"total":12,"covered":12,"skipped":0,"pct":100},"statements":{"total":35,"covered":29,"skipped":0,"pct":82.85},"branches":{"total":14,"covered":7,"skipped":0,"pct":50}}
,"/Users/mac/Projects/packages/cache/src/engines/index.ts": {"lines":{"total":4,"covered":4,"skipped":0,"pct":100},"functions":{"total":3,"covered":3,"skipped":0,"pct":100},"statements":{"total":6,"covered":6,"skipped":0,"pct":100},"branches":{"total":0,"covered":0,"skipped":0,"pct":100}}
,"/Users/mac/Projects/packages/cache/src/engines/memcache.engine.ts": {"lines":{"total":37,"covered":28,"skipped":0,"pct":75.67},"functions":{"total":14,"covered":14,"skipped":0,"pct":100},"statements":{"total":39,"covered":30,"skipped":0,"pct":76.92},"branches":{"total":5,"covered":1,"skipped":0,"pct":20}}
,"/Users/mac/Projects/packages/cache/src/engines/redis.engine.ts": {"lines":{"total":36,"covered":29,"skipped":0,"pct":80.55},"functions":{"total":14,"covered":14,"skipped":0,"pct":100},"statements":{"total":38,"covered":31,"skipped":0,"pct":81.57},"branches":{"total":5,"covered":1,"skipped":0,"pct":20}}
}
