{"/Users/mac/Projects/packages/cache/src/cache.manager.ts": {"path":"/Users/mac/Projects/packages/cache/src/cache.manager.ts","statementMap":{"0":{"start":{"line":2,"column":0},"end":{"line":2,"column":72}},"1":{"start":{"line":3,"column":0},"end":{"line":3,"column":49}},"2":{"start":{"line":5,"column":0},"end":{"line":5,"column":13}},"3":{"start":{"line":11,"column":4},"end":{"line":11,"column":25}},"4":{"start":{"line":12,"column":4},"end":{"line":12,"column":25}},"5":{"start":{"line":13,"column":4},"end":{"line":13,"column":36}},"6":{"start":{"line":16,"column":8},"end":{"line":18,"column":null}},"7":{"start":{"line":17,"column":11},"end":{"line":17,"column":63}},"8":{"start":{"line":17,"column":4},"end":{"line":17,"column":63}},"9":{"start":{"line":20,"column":8},"end":{"line":22,"column":null}},"10":{"start":{"line":21,"column":12},"end":{"line":21,"column":47}},"11":{"start":{"line":21,"column":4},"end":{"line":21,"column":48}},"12":{"start":{"line":24,"column":8},"end":{"line":26,"column":null}},"13":{"start":{"line":25,"column":11},"end":{"line":25,"column":40}},"14":{"start":{"line":25,"column":4},"end":{"line":25,"column":40}},"15":{"start":{"line":28,"column":2},"end":{"line":59,"column":null}},"16":{"start":{"line":29,"column":4},"end":{"line":56,"column":null}},"17":{"start":{"line":31,"column":8},"end":{"line":35,"column":10}},"18":{"start":{"line":36,"column":8},"end":{"line":36,"column":14}},"19":{"start":{"line":39,"column":8},"end":{"line":43,"column":10}},"20":{"start":{"line":44,"column":8},"end":{"line":44,"column":14}},"21":{"start":{"line":47,"column":8},"end":{"line":51,"column":10}},"22":{"start":{"line":52,"column":8},"end":{"line":52,"column":14}},"23":{"start":{"line":55,"column":8},"end":{"line":55,"column":14}},"24":{"start":{"line":58,"column":4},"end":{"line":58,"column":50}},"25":{"start":{"line":60,"column":0},"end":{"line":60,"column":null}},"26":{"start":{"line":5,"column":13},"end":{"line":5,"column":25}}},"fnMap":{"0":{"name":"(anonymous_0)","decl":{"start":{"line":5,"column":0},"end":{"line":5,"column":13}},"loc":{"start":{"line":5,"column":0},"end":{"line":60,"column":null}}},"1":{"name":"CacheManager","decl":{"start":{"line":10,"column":2},"end":{"line":10,"column":14}},"loc":{"start":{"line":10,"column":44},"end":{"line":14,"column":3}}},"2":{"name":"(anonymous_2)","decl":{"start":{"line":16,"column":2},"end":{"line":16,"column":8}},"loc":{"start":{"line":16,"column":56},"end":{"line":18,"column":null}}},"3":{"name":"(anonymous_5)","decl":{"start":{"line":20,"column":2},"end":{"line":20,"column":8}},"loc":{"start":{"line":20,"column":30},"end":{"line":22,"column":null}}},"4":{"name":"(anonymous_8)","decl":{"start":{"line":24,"column":2},"end":{"line":24,"column":8}},"loc":{"start":{"line":24,"column":26},"end":{"line":26,"column":null}}},"5":{"name":"(anonymous_11)","decl":{"start":{"line":28,"column":2},"end":{"line":28,"column":13}},"loc":{"start":{"line":28,"column":2},"end":{"line":59,"column":3}}}},"branchMap":{"0":{"loc":{"start":{"line":17,"column":11},"end":{"line":17,"column":63}},"type":"switch","locations":[{"start":{"line":17,"column":11},"end":{"line":17,"column":63}},{"start":{"line":17,"column":4},"end":{"line":17,"column":63}}]},"1":{"loc":{"start":{"line":21,"column":12},"end":{"line":21,"column":47}},"type":"switch","locations":[{"start":{"line":21,"column":12},"end":{"line":21,"column":47}},{"start":{"line":21,"column":4},"end":{"line":21,"column":48}}]},"2":{"loc":{"start":{"line":25,"column":11},"end":{"line":25,"column":40}},"type":"switch","locations":[{"start":{"line":25,"column":11},"end":{"line":25,"column":40}},{"start":{"line":25,"column":4},"end":{"line":25,"column":40}}]},"3":{"loc":{"start":{"line":29,"column":4},"end":{"line":56,"column":null}},"type":"switch","locations":[{"start":{"line":30,"column":6},"end":{"line":36,"column":14}},{"start":{"line":38,"column":6},"end":{"line":44,"column":14}},{"start":{"line":46,"column":6},"end":{"line":52,"column":14}},{"start":{"line":54,"column":6},"end":{"line":55,"column":14}}]}},"s":{"0":3,"1":3,"2":3,"3":3,"4":3,"5":3,"6":3,"7":3,"8":3,"9":3,"10":3,"11":3,"12":3,"13":3,"14":3,"15":3,"16":3,"17":1,"18":0,"19":1,"20":0,"21":1,"22":0,"23":0,"24":0,"25":3,"26":3},"f":{"0":3,"1":3,"2":3,"3":3,"4":3,"5":3},"b":{"0":[3,3],"1":[3,3],"2":[3,3],"3":[1,1,1,0]}}
,"/Users/mac/Projects/packages/cache/src/factories.ts": {"path":"/Users/mac/Projects/packages/cache/src/factories.ts","statementMap":{"0":{"start":{"line":3,"column":0},"end":{"line":3,"column":13}},"1":{"start":{"line":4,"column":9},"end":{"line":11,"column":null}},"2":{"start":{"line":9,"column":19},"end":{"line":9,"column":50}},"3":{"start":{"line":10,"column":4},"end":{"line":10,"column":18}},"4":{"start":{"line":12,"column":0},"end":{"line":12,"column":null}},"5":{"start":{"line":3,"column":13},"end":{"line":3,"column":31}}},"fnMap":{"0":{"name":"(anonymous_0)","decl":{"start":{"line":3,"column":0},"end":{"line":3,"column":13}},"loc":{"start":{"line":3,"column":0},"end":{"line":12,"column":null}}},"1":{"name":"(anonymous_2)","decl":{"start":{"line":4,"column":2},"end":{"line":4,"column":9}},"loc":{"start":{"line":7,"column":15},"end":{"line":11,"column":3}}}},"branchMap":{},"s":{"0":3,"1":3,"2":3,"3":3,"4":3,"5":3},"f":{"0":6,"1":3},"b":{}}
,"/Users/mac/Projects/packages/cache/src/index.ts": {"path":"/Users/mac/Projects/packages/cache/src/index.ts","statementMap":{"0":{"start":{"line":1,"column":0},"end":{"line":1,"column":32}},"1":{"start":{"line":2,"column":0},"end":{"line":2,"column":29}}},"fnMap":{},"branchMap":{},"s":{"0":3,"1":3},"f":{},"b":{}}
,"/Users/mac/Projects/packages/cache/src/interfaces.ts": {"path":"/Users/mac/Projects/packages/cache/src/interfaces.ts","statementMap":{"0":{"start":{"line":1,"column":0},"end":{"line":1,"column":null}},"1":{"start":{"line":2,"column":2},"end":{"line":2,"column":null}},"2":{"start":{"line":3,"column":2},"end":{"line":3,"column":null}},"3":{"start":{"line":4,"column":2},"end":{"line":4,"column":null}}},"fnMap":{"0":{"name":"(anonymous_0)","decl":{"start":{"line":1,"column":0},"end":{"line":1,"column":12}},"loc":{"start":{"line":1,"column":24},"end":{"line":5,"column":1}}}},"branchMap":{"0":{"loc":{"start":{"line":1,"column":12},"end":{"line":1,"column":null}},"type":"binary-expr","locations":[{"start":{"line":1,"column":12},"end":{"line":1,"column":24}},{"start":{"line":1,"column":12},"end":{"line":1,"column":null}}]}},"s":{"0":3,"1":3,"2":3,"3":3},"f":{"0":3},"b":{"0":[3,3]}}
,"/Users/mac/Projects/packages/cache/src/engines/dynamodb.engine.ts": {"path":"/Users/mac/Projects/packages/cache/src/engines/dynamodb.engine.ts","statementMap":{"0":{"start":{"line":3,"column":0},"end":{"line":3,"column":58}},"1":{"start":{"line":5,"column":0},"end":{"line":5,"column":13}},"2":{"start":{"line":10,"column":44},"end":{"line":10,"column":null}},"3":{"start":{"line":10,"column":21},"end":{"line":10,"column":35}},"4":{"start":{"line":10,"column":44},"end":{"line":10,"column":63}},"5":{"start":{"line":7,"column":10},"end":{"line":7,"column":44}},"6":{"start":{"line":8,"column":10},"end":{"line":8,"column":31}},"7":{"start":{"line":11,"column":4},"end":{"line":11,"column":41}},"8":{"start":{"line":14,"column":2},"end":{"line":28,"column":null}},"9":{"start":{"line":16,"column":6},"end":{"line":26,"column":12}},"10":{"start":{"line":27,"column":4},"end":{"line":27,"column":18}},"11":{"start":{"line":30,"column":8},"end":{"line":49,"column":null}},"12":{"start":{"line":31,"column":10},"end":{"line":38,"column":6}},"13":{"start":{"line":40,"column":4},"end":{"line":48,"column":7}},"14":{"start":{"line":41,"column":6},"end":{"line":47,"column":9}},"15":{"start":{"line":42,"column":8},"end":{"line":45,"column":null}},"16":{"start":{"line":43,"column":10},"end":{"line":43,"column":27}},"17":{"start":{"line":44,"column":10},"end":{"line":44,"column":19}},"18":{"start":{"line":46,"column":8},"end":{"line":46,"column":22}},"19":{"start":{"line":51,"column":8},"end":{"line":70,"column":null}},"20":{"start":{"line":52,"column":4},"end":{"line":69,"column":7}},"21":{"start":{"line":53,"column":6},"end":{"line":68,"column":8}},"22":{"start":{"line":62,"column":10},"end":{"line":65,"column":null}},"23":{"start":{"line":63,"column":12},"end":{"line":63,"column":29}},"24":{"start":{"line":64,"column":12},"end":{"line":64,"column":21}},"25":{"start":{"line":66,"column":10},"end":{"line":66,"column":44}},"26":{"start":{"line":72,"column":8},"end":{"line":91,"column":null}},"27":{"start":{"line":73,"column":4},"end":{"line":90,"column":7}},"28":{"start":{"line":74,"column":6},"end":{"line":89,"column":8}},"29":{"start":{"line":83,"column":10},"end":{"line":86,"column":null}},"30":{"start":{"line":84,"column":12},"end":{"line":84,"column":29}},"31":{"start":{"line":85,"column":12},"end":{"line":85,"column":26}},"32":{"start":{"line":87,"column":10},"end":{"line":87,"column":24}},"33":{"start":{"line":92,"column":0},"end":{"line":92,"column":null}},"34":{"start":{"line":5,"column":13},"end":{"line":5,"column":27}}},"fnMap":{"0":{"name":"(anonymous_0)","decl":{"start":{"line":5,"column":0},"end":{"line":5,"column":13}},"loc":{"start":{"line":5,"column":0},"end":{"line":92,"column":null}}},"1":{"name":"DynamoDBEngine","decl":{"start":{"line":10,"column":2},"end":{"line":10,"column":21}},"loc":{"start":{"line":10,"column":63},"end":{"line":12,"column":3}}},"2":{"name":"(anonymous_2)","decl":{"start":{"line":14,"column":2},"end":{"line":14,"column":17}},"loc":{"start":{"line":14,"column":2},"end":{"line":28,"column":3}}},"3":{"name":"(anonymous_3)","decl":{"start":{"line":30,"column":2},"end":{"line":30,"column":8}},"loc":{"start":{"line":30,"column":43},"end":{"line":49,"column":null}}},"4":{"name":"(anonymous_6)","decl":{"start":{"line":40,"column":23},"end":{"line":40,"column":24}},"loc":{"start":{"line":40,"column":39},"end":{"line":48,"column":5}}},"5":{"name":"(anonymous_7)","decl":{"start":{"line":41,"column":30},"end":{"line":41,"column":39}},"loc":{"start":{"line":41,"column":48},"end":{"line":47,"column":7}}},"6":{"name":"(anonymous_8)","decl":{"start":{"line":51,"column":2},"end":{"line":51,"column":8}},"loc":{"start":{"line":51,"column":30},"end":{"line":70,"column":null}}},"7":{"name":"(anonymous_11)","decl":{"start":{"line":52,"column":23},"end":{"line":52,"column":24}},"loc":{"start":{"line":52,"column":39},"end":{"line":69,"column":5}}},"8":{"name":"(anonymous_12)","decl":{"start":{"line":61,"column":8},"end":{"line":61,"column":17}},"loc":{"start":{"line":61,"column":26},"end":{"line":67,"column":9}}},"9":{"name":"(anonymous_13)","decl":{"start":{"line":72,"column":2},"end":{"line":72,"column":8}},"loc":{"start":{"line":72,"column":26},"end":{"line":91,"column":null}}},"10":{"name":"(anonymous_16)","decl":{"start":{"line":73,"column":23},"end":{"line":73,"column":24}},"loc":{"start":{"line":73,"column":39},"end":{"line":90,"column":5}}},"11":{"name":"(anonymous_17)","decl":{"start":{"line":82,"column":8},"end":{"line":82,"column":17}},"loc":{"start":{"line":82,"column":20},"end":{"line":88,"column":9}}}},"branchMap":{"0":{"loc":{"start":{"line":10,"column":44},"end":{"line":10,"column":null}},"type":"if","locations":[{"start":{"line":10,"column":44},"end":{"line":10,"column":null}}]},"1":{"loc":{"start":{"line":16,"column":6},"end":{"line":26,"column":12}},"type":"cond-expr","locations":[{"start":{"line":17,"column":10},"end":{"line":23,"column":12}},{"start":{"line":24,"column":10},"end":{"line":26,"column":12}}]},"2":{"loc":{"start":{"line":42,"column":8},"end":{"line":45,"column":null}},"type":"if","locations":[{"start":{"line":42,"column":8},"end":{"line":45,"column":null}}]},"3":{"loc":{"start":{"line":62,"column":10},"end":{"line":65,"column":null}},"type":"if","locations":[{"start":{"line":62,"column":10},"end":{"line":65,"column":null}}]},"4":{"loc":{"start":{"line":66,"column":18},"end":{"line":66,"column":42}},"type":"cond-expr","locations":[{"start":{"line":66,"column":28},"end":{"line":66,"column":30}},{"start":{"line":66,"column":28},"end":{"line":66,"column":42}}]},"5":{"loc":{"start":{"line":66,"column":18},"end":{"line":66,"column":30}},"type":"binary-expr","locations":[{"start":{"line":66,"column":18},"end":{"line":66,"column":30}},{"start":{"line":66,"column":28},"end":{"line":66,"column":30}}]},"6":{"loc":{"start":{"line":66,"column":18},"end":{"line":66,"column":28}},"type":"cond-expr","locations":[{"start":{"line":66,"column":22},"end":{"line":66,"column":24}},{"start":{"line":66,"column":18},"end":{"line":66,"column":28}}]},"7":{"loc":{"start":{"line":66,"column":18},"end":{"line":66,"column":24}},"type":"binary-expr","locations":[{"start":{"line":66,"column":18},"end":{"line":66,"column":24}},{"start":{"line":66,"column":18},"end":{"line":66,"column":24}}]},"8":{"loc":{"start":{"line":83,"column":10},"end":{"line":86,"column":null}},"type":"if","locations":[{"start":{"line":83,"column":10},"end":{"line":86,"column":null}}]}},"s":{"0":3,"1":3,"2":1,"3":1,"4":1,"5":1,"6":1,"7":1,"8":3,"9":1,"10":1,"11":3,"12":1,"13":1,"14":1,"15":1,"16":0,"17":0,"18":1,"19":3,"20":1,"21":1,"22":1,"23":0,"24":0,"25":1,"26":3,"27":1,"28":1,"29":1,"30":0,"31":0,"32":1,"33":3,"34":3},"f":{"0":3,"1":1,"2":1,"3":1,"4":1,"5":1,"6":1,"7":1,"8":1,"9":1,"10":1,"11":1},"b":{"0":[0],"1":[1,0],"2":[0],"3":[0],"4":[0,1],"5":[1,1],"6":[0,1],"7":[1,1],"8":[0]}}
,"/Users/mac/Projects/packages/cache/src/engines/index.ts": {"path":"/Users/mac/Projects/packages/cache/src/engines/index.ts","statementMap":{"0":{"start":{"line":1,"column":0},"end":{"line":1,"column":9}},"1":{"start":{"line":5,"column":9},"end":{"line":1,"column":51}},"2":{"start":{"line":2,"column":0},"end":{"line":2,"column":9}},"3":{"start":{"line":5,"column":25},"end":{"line":2,"column":51}},"4":{"start":{"line":3,"column":0},"end":{"line":3,"column":9}},"5":{"start":{"line":5,"column":41},"end":{"line":3,"column":45}}},"fnMap":{"0":{"name":"(anonymous_0)","decl":{"start":{"line":5,"column":9},"end":{"line":5,"column":23}},"loc":{"start":{"line":5,"column":9},"end":{"line":1,"column":51}}},"1":{"name":"(anonymous_1)","decl":{"start":{"line":5,"column":25},"end":{"line":5,"column":39}},"loc":{"start":{"line":5,"column":25},"end":{"line":2,"column":51}}},"2":{"name":"(anonymous_2)","decl":{"start":{"line":5,"column":41},"end":{"line":5,"column":52}},"loc":{"start":{"line":5,"column":41},"end":{"line":3,"column":45}}}},"branchMap":{},"s":{"0":3,"1":4,"2":3,"3":4,"4":3,"5":4},"f":{"0":1,"1":1,"2":1},"b":{}}
,"/Users/mac/Projects/packages/cache/src/engines/memcache.engine.ts": {"path":"/Users/mac/Projects/packages/cache/src/engines/memcache.engine.ts","statementMap":{"0":{"start":{"line":3,"column":0},"end":{"line":3,"column":34}},"1":{"start":{"line":4,"column":0},"end":{"line":4,"column":44}},"2":{"start":{"line":6,"column":0},"end":{"line":6,"column":13}},"3":{"start":{"line":9,"column":21},"end":{"line":9,"column":35}},"4":{"start":{"line":9,"column":44},"end":{"line":9,"column":58}},"5":{"start":{"line":10,"column":4},"end":{"line":10,"column":41}},"6":{"start":{"line":13,"column":2},"end":{"line":19,"column":null}},"7":{"start":{"line":14,"column":19},"end":{"line":17,"column":6}},"8":{"start":{"line":18,"column":4},"end":{"line":18,"column":18}},"9":{"start":{"line":21,"column":8},"end":{"line":32,"column":null}},"10":{"start":{"line":22,"column":4},"end":{"line":31,"column":7}},"11":{"start":{"line":23,"column":6},"end":{"line":30,"column":9}},"12":{"start":{"line":24,"column":8},"end":{"line":28,"column":null}},"13":{"start":{"line":25,"column":10},"end":{"line":25,"column":27}},"14":{"start":{"line":26,"column":10},"end":{"line":26,"column":24}},"15":{"start":{"line":27,"column":10},"end":{"line":27,"column":17}},"16":{"start":{"line":29,"column":8},"end":{"line":29,"column":22}},"17":{"start":{"line":34,"column":8},"end":{"line":45,"column":null}},"18":{"start":{"line":35,"column":4},"end":{"line":44,"column":7}},"19":{"start":{"line":36,"column":6},"end":{"line":43,"column":9}},"20":{"start":{"line":37,"column":8},"end":{"line":41,"column":null}},"21":{"start":{"line":38,"column":10},"end":{"line":38,"column":27}},"22":{"start":{"line":39,"column":10},"end":{"line":39,"column":24}},"23":{"start":{"line":40,"column":10},"end":{"line":40,"column":17}},"24":{"start":{"line":42,"column":8},"end":{"line":42,"column":35}},"25":{"start":{"line":47,"column":8},"end":{"line":58,"column":null}},"26":{"start":{"line":48,"column":4},"end":{"line":57,"column":7}},"27":{"start":{"line":49,"column":6},"end":{"line":56,"column":9}},"28":{"start":{"line":50,"column":8},"end":{"line":54,"column":null}},"29":{"start":{"line":51,"column":10},"end":{"line":51,"column":27}},"30":{"start":{"line":52,"column":10},"end":{"line":52,"column":24}},"31":{"start":{"line":53,"column":10},"end":{"line":53,"column":17}},"32":{"start":{"line":55,"column":8},"end":{"line":55,"column":22}},"33":{"start":{"line":60,"column":10},"end":{"line":62,"column":null}},"34":{"start":{"line":61,"column":4},"end":{"line":61,"column":27}},"35":{"start":{"line":64,"column":10},"end":{"line":66,"column":null}},"36":{"start":{"line":65,"column":4},"end":{"line":65,"column":57}},"37":{"start":{"line":67,"column":0},"end":{"line":67,"column":null}},"38":{"start":{"line":6,"column":13},"end":{"line":6,"column":27}}},"fnMap":{"0":{"name":"(anonymous_0)","decl":{"start":{"line":6,"column":0},"end":{"line":6,"column":13}},"loc":{"start":{"line":6,"column":0},"end":{"line":67,"column":null}}},"1":{"name":"MemcacheEngine","decl":{"start":{"line":9,"column":2},"end":{"line":9,"column":21}},"loc":{"start":{"line":9,"column":58},"end":{"line":11,"column":3}}},"2":{"name":"(anonymous_2)","decl":{"start":{"line":13,"column":2},"end":{"line":13,"column":17}},"loc":{"start":{"line":13,"column":2},"end":{"line":19,"column":3}}},"3":{"name":"(anonymous_3)","decl":{"start":{"line":21,"column":2},"end":{"line":21,"column":8}},"loc":{"start":{"line":21,"column":56},"end":{"line":32,"column":null}}},"4":{"name":"(anonymous_6)","decl":{"start":{"line":22,"column":23},"end":{"line":22,"column":24}},"loc":{"start":{"line":22,"column":39},"end":{"line":31,"column":5}}},"5":{"name":"(anonymous_7)","decl":{"start":{"line":23,"column":57},"end":{"line":23,"column":58}},"loc":{"start":{"line":23,"column":67},"end":{"line":30,"column":7}}},"6":{"name":"(anonymous_8)","decl":{"start":{"line":34,"column":2},"end":{"line":34,"column":8}},"loc":{"start":{"line":34,"column":30},"end":{"line":45,"column":null}}},"7":{"name":"(anonymous_11)","decl":{"start":{"line":35,"column":23},"end":{"line":35,"column":24}},"loc":{"start":{"line":35,"column":39},"end":{"line":44,"column":5}}},"8":{"name":"(anonymous_12)","decl":{"start":{"line":36,"column":27},"end":{"line":36,"column":28}},"loc":{"start":{"line":36,"column":37},"end":{"line":43,"column":7}}},"9":{"name":"(anonymous_13)","decl":{"start":{"line":47,"column":2},"end":{"line":47,"column":8}},"loc":{"start":{"line":47,"column":26},"end":{"line":58,"column":null}}},"10":{"name":"(anonymous_16)","decl":{"start":{"line":48,"column":23},"end":{"line":48,"column":24}},"loc":{"start":{"line":48,"column":39},"end":{"line":57,"column":5}}},"11":{"name":"(anonymous_17)","decl":{"start":{"line":49,"column":27},"end":{"line":49,"column":30}},"loc":{"start":{"line":49,"column":30},"end":{"line":56,"column":7}}},"12":{"name":"(anonymous_18)","decl":{"start":{"line":60,"column":2},"end":{"line":60,"column":10}},"loc":{"start":{"line":60,"column":33},"end":{"line":62,"column":3}}},"13":{"name":"(anonymous_19)","decl":{"start":{"line":64,"column":2},"end":{"line":64,"column":10}},"loc":{"start":{"line":64,"column":40},"end":{"line":66,"column":3}}}},"branchMap":{"0":{"loc":{"start":{"line":24,"column":8},"end":{"line":28,"column":null}},"type":"if","locations":[{"start":{"line":24,"column":8},"end":{"line":28,"column":null}}]},"1":{"loc":{"start":{"line":37,"column":8},"end":{"line":41,"column":null}},"type":"if","locations":[{"start":{"line":37,"column":8},"end":{"line":41,"column":null}}]},"2":{"loc":{"start":{"line":50,"column":8},"end":{"line":54,"column":null}},"type":"if","locations":[{"start":{"line":50,"column":8},"end":{"line":54,"column":null}}]},"3":{"loc":{"start":{"line":65,"column":11},"end":{"line":65,"column":56}},"type":"cond-expr","locations":[{"start":{"line":65,"column":23},"end":{"line":65,"column":44}},{"start":{"line":65,"column":47},"end":{"line":65,"column":56}}]}},"s":{"0":3,"1":3,"2":3,"3":1,"4":1,"5":1,"6":3,"7":1,"8":1,"9":3,"10":1,"11":1,"12":1,"13":0,"14":0,"15":0,"16":1,"17":3,"18":1,"19":1,"20":1,"21":0,"22":0,"23":0,"24":1,"25":3,"26":1,"27":1,"28":1,"29":0,"30":0,"31":0,"32":1,"33":3,"34":1,"35":3,"36":1,"37":3,"38":3},"f":{"0":3,"1":1,"2":1,"3":1,"4":1,"5":1,"6":1,"7":1,"8":1,"9":1,"10":1,"11":1,"12":1,"13":1},"b":{"0":[0],"1":[0],"2":[0],"3":[1,0]}}
,"/Users/mac/Projects/packages/cache/src/engines/redis.engine.ts": {"path":"/Users/mac/Projects/packages/cache/src/engines/redis.engine.ts","statementMap":{"0":{"start":{"line":3,"column":0},"end":{"line":3,"column":44}},"1":{"start":{"line":4,"column":0},"end":{"line":4,"column":28}},"2":{"start":{"line":6,"column":0},"end":{"line":6,"column":13}},"3":{"start":{"line":9,"column":21},"end":{"line":9,"column":35}},"4":{"start":{"line":9,"column":44},"end":{"line":9,"column":58}},"5":{"start":{"line":10,"column":4},"end":{"line":10,"column":41}},"6":{"start":{"line":13,"column":2},"end":{"line":16,"column":null}},"7":{"start":{"line":14,"column":19},"end":{"line":14,"column":41}},"8":{"start":{"line":15,"column":4},"end":{"line":15,"column":18}},"9":{"start":{"line":18,"column":8},"end":{"line":29,"column":null}},"10":{"start":{"line":19,"column":4},"end":{"line":28,"column":7}},"11":{"start":{"line":20,"column":6},"end":{"line":27,"column":9}},"12":{"start":{"line":21,"column":8},"end":{"line":24,"column":null}},"13":{"start":{"line":22,"column":10},"end":{"line":22,"column":24}},"14":{"start":{"line":23,"column":10},"end":{"line":23,"column":17}},"15":{"start":{"line":25,"column":8},"end":{"line":25,"column":37}},"16":{"start":{"line":26,"column":8},"end":{"line":26,"column":22}},"17":{"start":{"line":31,"column":8},"end":{"line":41,"column":null}},"18":{"start":{"line":32,"column":4},"end":{"line":40,"column":7}},"19":{"start":{"line":33,"column":6},"end":{"line":39,"column":9}},"20":{"start":{"line":34,"column":8},"end":{"line":37,"column":null}},"21":{"start":{"line":35,"column":10},"end":{"line":35,"column":24}},"22":{"start":{"line":36,"column":10},"end":{"line":36,"column":17}},"23":{"start":{"line":38,"column":8},"end":{"line":38,"column":35}},"24":{"start":{"line":43,"column":8},"end":{"line":54,"column":null}},"25":{"start":{"line":44,"column":4},"end":{"line":53,"column":7}},"26":{"start":{"line":45,"column":6},"end":{"line":52,"column":9}},"27":{"start":{"line":46,"column":8},"end":{"line":50,"column":null}},"28":{"start":{"line":47,"column":10},"end":{"line":47,"column":27}},"29":{"start":{"line":48,"column":10},"end":{"line":48,"column":24}},"30":{"start":{"line":49,"column":10},"end":{"line":49,"column":17}},"31":{"start":{"line":51,"column":8},"end":{"line":51,"column":22}},"32":{"start":{"line":56,"column":10},"end":{"line":58,"column":null}},"33":{"start":{"line":57,"column":4},"end":{"line":57,"column":27}},"34":{"start":{"line":60,"column":10},"end":{"line":62,"column":null}},"35":{"start":{"line":61,"column":4},"end":{"line":61,"column":57}},"36":{"start":{"line":63,"column":0},"end":{"line":63,"column":null}},"37":{"start":{"line":6,"column":13},"end":{"line":6,"column":24}}},"fnMap":{"0":{"name":"(anonymous_0)","decl":{"start":{"line":6,"column":0},"end":{"line":6,"column":13}},"loc":{"start":{"line":6,"column":0},"end":{"line":63,"column":null}}},"1":{"name":"RedisEngine","decl":{"start":{"line":9,"column":2},"end":{"line":9,"column":21}},"loc":{"start":{"line":9,"column":58},"end":{"line":11,"column":3}}},"2":{"name":"(anonymous_2)","decl":{"start":{"line":13,"column":2},"end":{"line":13,"column":17}},"loc":{"start":{"line":13,"column":2},"end":{"line":16,"column":3}}},"3":{"name":"(anonymous_3)","decl":{"start":{"line":18,"column":2},"end":{"line":18,"column":8}},"loc":{"start":{"line":18,"column":56},"end":{"line":29,"column":null}}},"4":{"name":"(anonymous_6)","decl":{"start":{"line":19,"column":23},"end":{"line":19,"column":24}},"loc":{"start":{"line":19,"column":39},"end":{"line":28,"column":5}}},"5":{"name":"(anonymous_7)","decl":{"start":{"line":20,"column":46},"end":{"line":20,"column":47}},"loc":{"start":{"line":20,"column":56},"end":{"line":27,"column":7}}},"6":{"name":"(anonymous_8)","decl":{"start":{"line":31,"column":2},"end":{"line":31,"column":8}},"loc":{"start":{"line":31,"column":30},"end":{"line":41,"column":null}}},"7":{"name":"(anonymous_11)","decl":{"start":{"line":32,"column":23},"end":{"line":32,"column":24}},"loc":{"start":{"line":32,"column":39},"end":{"line":40,"column":5}}},"8":{"name":"(anonymous_12)","decl":{"start":{"line":33,"column":27},"end":{"line":33,"column":28}},"loc":{"start":{"line":33,"column":37},"end":{"line":39,"column":7}}},"9":{"name":"(anonymous_13)","decl":{"start":{"line":43,"column":2},"end":{"line":43,"column":8}},"loc":{"start":{"line":43,"column":26},"end":{"line":54,"column":null}}},"10":{"name":"(anonymous_16)","decl":{"start":{"line":44,"column":23},"end":{"line":44,"column":24}},"loc":{"start":{"line":44,"column":39},"end":{"line":53,"column":5}}},"11":{"name":"(anonymous_17)","decl":{"start":{"line":45,"column":27},"end":{"line":45,"column":30}},"loc":{"start":{"line":45,"column":30},"end":{"line":52,"column":7}}},"12":{"name":"(anonymous_18)","decl":{"start":{"line":56,"column":2},"end":{"line":56,"column":10}},"loc":{"start":{"line":56,"column":33},"end":{"line":58,"column":3}}},"13":{"name":"(anonymous_19)","decl":{"start":{"line":60,"column":2},"end":{"line":60,"column":10}},"loc":{"start":{"line":60,"column":59},"end":{"line":62,"column":3}}}},"branchMap":{"0":{"loc":{"start":{"line":21,"column":8},"end":{"line":24,"column":null}},"type":"if","locations":[{"start":{"line":21,"column":8},"end":{"line":24,"column":null}}]},"1":{"loc":{"start":{"line":34,"column":8},"end":{"line":37,"column":null}},"type":"if","locations":[{"start":{"line":34,"column":8},"end":{"line":37,"column":null}}]},"2":{"loc":{"start":{"line":46,"column":8},"end":{"line":50,"column":null}},"type":"if","locations":[{"start":{"line":46,"column":8},"end":{"line":50,"column":null}}]},"3":{"loc":{"start":{"line":61,"column":11},"end":{"line":61,"column":56}},"type":"cond-expr","locations":[{"start":{"line":61,"column":23},"end":{"line":61,"column":44}},{"start":{"line":61,"column":47},"end":{"line":61,"column":56}}]}},"s":{"0":3,"1":3,"2":3,"3":1,"4":1,"5":1,"6":3,"7":1,"8":1,"9":3,"10":1,"11":1,"12":1,"13":0,"14":0,"15":1,"16":1,"17":3,"18":1,"19":1,"20":1,"21":0,"22":0,"23":1,"24":3,"25":1,"26":1,"27":1,"28":0,"29":0,"30":0,"31":1,"32":3,"33":1,"34":3,"35":1,"36":3,"37":3},"f":{"0":3,"1":1,"2":1,"3":1,"4":1,"5":1,"6":1,"7":1,"8":1,"9":1,"10":1,"11":1,"12":1,"13":1},"b":{"0":[0],"1":[0],"2":[0],"3":[1,0]}}
}
