TN:
SF:src/cache.manager.ts
FN:5,(anonymous_0)
FN:10,CacheManager
FN:16,(anonymous_2)
FN:20,(anonymous_5)
FN:24,(anonymous_8)
FN:28,(anonymous_11)
FNF:6
FNH:6
FNDA:3,(anonymous_0)
FNDA:3,CacheManager
FNDA:3,(anonymous_2)
FNDA:3,(anonymous_5)
FNDA:3,(anonymous_8)
FNDA:3,(anonymous_11)
DA:2,3
DA:3,3
DA:5,3
DA:11,3
DA:12,3
DA:13,3
DA:16,3
DA:17,3
DA:20,3
DA:21,3
DA:24,3
DA:25,3
DA:28,3
DA:29,3
DA:31,1
DA:36,0
DA:39,1
DA:44,0
DA:47,1
DA:52,0
DA:55,0
DA:58,0
DA:60,3
LF:23
LH:18
BRDA:17,0,0,3
BRDA:17,0,1,3
BRDA:21,1,0,3
BRDA:21,1,1,3
BRDA:25,2,0,3
BRDA:25,2,1,3
BRDA:29,3,0,1
BRDA:29,3,1,1
BRDA:29,3,2,1
BRDA:29,3,3,0
BRF:10
BRH:9
end_of_record
TN:
SF:src/factories.ts
FN:3,(anonymous_0)
FN:4,(anonymous_2)
FNF:2
FNH:2
FNDA:6,(anonymous_0)
FNDA:3,(anonymous_2)
DA:3,3
DA:4,3
DA:9,3
DA:10,3
DA:12,3
LF:5
LH:5
BRF:0
BRH:0
end_of_record
TN:
SF:src/index.ts
FNF:0
FNH:0
DA:1,3
DA:2,3
LF:2
LH:2
BRF:0
BRH:0
end_of_record
TN:
SF:src/interfaces.ts
FN:1,(anonymous_0)
FNF:1
FNH:1
FNDA:3,(anonymous_0)
DA:1,3
DA:2,3
DA:3,3
DA:4,3
LF:4
LH:4
BRDA:1,0,0,3
BRDA:1,0,1,3
BRF:2
BRH:2
end_of_record
TN:
SF:src/engines/dynamodb.engine.ts
FN:5,(anonymous_0)
FN:10,DynamoDBEngine
FN:14,(anonymous_2)
FN:30,(anonymous_3)
FN:40,(anonymous_6)
FN:41,(anonymous_7)
FN:51,(anonymous_8)
FN:52,(anonymous_11)
FN:61,(anonymous_12)
FN:72,(anonymous_13)
FN:73,(anonymous_16)
FN:82,(anonymous_17)
FNF:12
FNH:12
FNDA:3,(anonymous_0)
FNDA:1,DynamoDBEngine
FNDA:1,(anonymous_2)
FNDA:1,(anonymous_3)
FNDA:1,(anonymous_6)
FNDA:1,(anonymous_7)
FNDA:1,(anonymous_8)
FNDA:1,(anonymous_11)
FNDA:1,(anonymous_12)
FNDA:1,(anonymous_13)
FNDA:1,(anonymous_16)
FNDA:1,(anonymous_17)
DA:3,3
DA:5,3
DA:7,1
DA:8,1
DA:10,1
DA:11,1
DA:14,3
DA:16,1
DA:27,1
DA:30,3
DA:31,1
DA:40,1
DA:41,1
DA:42,1
DA:43,0
DA:44,0
DA:46,1
DA:51,3
DA:52,1
DA:53,1
DA:62,1
DA:63,0
DA:64,0
DA:66,1
DA:72,3
DA:73,1
DA:74,1
DA:83,1
DA:84,0
DA:85,0
DA:87,1
DA:92,3
LF:32
LH:26
BRDA:10,0,0,0
BRDA:16,1,0,1
BRDA:16,1,1,0
BRDA:42,2,0,0
BRDA:62,3,0,0
BRDA:66,4,0,0
BRDA:66,4,1,1
BRDA:66,5,0,1
BRDA:66,5,1,1
BRDA:66,6,0,0
BRDA:66,6,1,1
BRDA:66,7,0,1
BRDA:66,7,1,1
BRDA:83,8,0,0
BRF:14
BRH:7
end_of_record
TN:
SF:src/engines/index.ts
FN:5,(anonymous_0)
FN:5,(anonymous_1)
FN:5,(anonymous_2)
FNF:3
FNH:3
FNDA:1,(anonymous_0)
FNDA:1,(anonymous_1)
FNDA:1,(anonymous_2)
DA:1,3
DA:2,3
DA:3,3
DA:5,4
LF:4
LH:4
BRF:0
BRH:0
end_of_record
TN:
SF:src/engines/memcache.engine.ts
FN:6,(anonymous_0)
FN:9,MemcacheEngine
FN:13,(anonymous_2)
FN:21,(anonymous_3)
FN:22,(anonymous_6)
FN:23,(anonymous_7)
FN:34,(anonymous_8)
FN:35,(anonymous_11)
FN:36,(anonymous_12)
FN:47,(anonymous_13)
FN:48,(anonymous_16)
FN:49,(anonymous_17)
FN:60,(anonymous_18)
FN:64,(anonymous_19)
FNF:14
FNH:14
FNDA:3,(anonymous_0)
FNDA:1,MemcacheEngine
FNDA:1,(anonymous_2)
FNDA:1,(anonymous_3)
FNDA:1,(anonymous_6)
FNDA:1,(anonymous_7)
FNDA:1,(anonymous_8)
FNDA:1,(anonymous_11)
FNDA:1,(anonymous_12)
FNDA:1,(anonymous_13)
FNDA:1,(anonymous_16)
FNDA:1,(anonymous_17)
FNDA:1,(anonymous_18)
FNDA:1,(anonymous_19)
DA:3,3
DA:4,3
DA:6,3
DA:9,1
DA:10,1
DA:13,3
DA:14,1
DA:18,1
DA:21,3
DA:22,1
DA:23,1
DA:24,1
DA:25,0
DA:26,0
DA:27,0
DA:29,1
DA:34,3
DA:35,1
DA:36,1
DA:37,1
DA:38,0
DA:39,0
DA:40,0
DA:42,1
DA:47,3
DA:48,1
DA:49,1
DA:50,1
DA:51,0
DA:52,0
DA:53,0
DA:55,1
DA:60,3
DA:61,1
DA:64,3
DA:65,1
DA:67,3
LF:37
LH:28
BRDA:24,0,0,0
BRDA:37,1,0,0
BRDA:50,2,0,0
BRDA:65,3,0,1
BRDA:65,3,1,0
BRF:5
BRH:1
end_of_record
TN:
SF:src/engines/redis.engine.ts
FN:6,(anonymous_0)
FN:9,RedisEngine
FN:13,(anonymous_2)
FN:18,(anonymous_3)
FN:19,(anonymous_6)
FN:20,(anonymous_7)
FN:31,(anonymous_8)
FN:32,(anonymous_11)
FN:33,(anonymous_12)
FN:43,(anonymous_13)
FN:44,(anonymous_16)
FN:45,(anonymous_17)
FN:56,(anonymous_18)
FN:60,(anonymous_19)
FNF:14
FNH:14
FNDA:3,(anonymous_0)
FNDA:1,RedisEngine
FNDA:1,(anonymous_2)
FNDA:1,(anonymous_3)
FNDA:1,(anonymous_6)
FNDA:1,(anonymous_7)
FNDA:1,(anonymous_8)
FNDA:1,(anonymous_11)
FNDA:1,(anonymous_12)
FNDA:1,(anonymous_13)
FNDA:1,(anonymous_16)
FNDA:1,(anonymous_17)
FNDA:1,(anonymous_18)
FNDA:1,(anonymous_19)
DA:3,3
DA:4,3
DA:6,3
DA:9,1
DA:10,1
DA:13,3
DA:14,1
DA:15,1
DA:18,3
DA:19,1
DA:20,1
DA:21,1
DA:22,0
DA:23,0
DA:25,1
DA:26,1
DA:31,3
DA:32,1
DA:33,1
DA:34,1
DA:35,0
DA:36,0
DA:38,1
DA:43,3
DA:44,1
DA:45,1
DA:46,1
DA:47,0
DA:48,0
DA:49,0
DA:51,1
DA:56,3
DA:57,1
DA:60,3
DA:61,1
DA:63,3
LF:36
LH:29
BRDA:21,0,0,0
BRDA:34,1,0,0
BRDA:46,2,0,0
BRDA:61,3,0,1
BRDA:61,3,1,0
BRF:5
BRH:1
end_of_record
